2020-12-09 15:00:34.4550 Warn Ignoring assembly location because location is empty: NLog, Version=4.0.0.0, Culture=neutral, PublicKeyToken=5120e14c03d0593c
2020-12-09 15:00:34.4550 Warn Ignoring assembly location because location is empty: TwicDownloader, Version=1.0.0.0, Culture=neutral, PublicKeyToken=null
2020-12-09 15:00:34.4626 Info Message Template Auto Format enabled
2020-12-09 15:00:34.4626 Info Loading assembly: NLog.Web.AspNetCore
2020-12-09 15:00:34.4626 Warn Error has been raised. Exception: NLog.NLogConfigurationException: Error loading extensions: NLog.Web.AspNetCore
 ---> System.IO.FileNotFoundException: 
File name: 'NLog.Web.AspNetCore, Culture=neutral, PublicKeyToken=null'
   at System.Reflection.RuntimeAssembly.InternalLoad(ObjectHandleOnStack assemblyName, ObjectHandleOnStack requestingAssembly, StackCrawlMarkHandle stackMark, Boolean throwOnFileNotFound, ObjectHandleOnStack assemblyLoadContext, ObjectHandleOnStack retAssembly)
   at System.Reflection.RuntimeAssembly.InternalLoad(AssemblyName assemblyName, RuntimeAssembly requestingAssembly, StackCrawlMark& stackMark, Boolean throwOnFileNotFound, AssemblyLoadContext assemblyLoadContext)
   at System.Reflection.Assembly.Load(String assemblyString)
   at NLog.Internal.AssemblyHelpers.LoadFromName(String assemblyName)
   at NLog.Config.LoggingConfigurationParser.ParseExtensionWithAssembly(String assemblyName, String prefix)
   --- End of inner exception stack trace ---
2020-12-09 15:00:34.4778 Info Adding target FileTarget(Name=allfile)
2020-12-09 15:00:34.4778 Info Adding target NullTarget(Name=blackhole)
2020-12-09 15:00:34.4778 Info Adding target FileTarget(Name=appevent)
2020-12-09 15:00:34.4778 Error Error parsing layout aspnet-TraceIdentifier will be ignored. Exception: System.ArgumentException: LayoutRenderer cannot be found: 'aspnet-TraceIdentifier'. Is NLog.Web not included?
   at NLog.Config.Factory`2.CreateInstance(String itemName)
   at NLog.Layouts.LayoutParser.GetLayoutRenderer(ConfigurationItemFactory configurationItemFactory, String name, Nullable`1 throwConfigExceptions)
2020-12-09 15:00:34.4778 Error Error parsing layout aspnet-SessionId will be ignored. Exception: System.ArgumentException: LayoutRenderer cannot be found: 'aspnet-SessionId'. Is NLog.Web not included?
   at NLog.Config.Factory`2.CreateInstance(String itemName)
   at NLog.Layouts.LayoutParser.GetLayoutRenderer(ConfigurationItemFactory configurationItemFactory, String name, Nullable`1 throwConfigExceptions)
2020-12-09 15:00:34.4778 Error Error parsing layout aspnet-user-identity will be ignored. Exception: System.ArgumentException: LayoutRenderer cannot be found: 'aspnet-user-identity'. Is NLog.Web not included?
   at NLog.Config.Factory`2.CreateInstance(String itemName)
   at NLog.Layouts.LayoutParser.GetLayoutRenderer(ConfigurationItemFactory configurationItemFactory, String name, Nullable`1 throwConfigExceptions)
2020-12-09 15:00:34.4778 Error Error parsing layout aspnet-request-url will be ignored. Exception: System.ArgumentException: LayoutRenderer cannot be found: 'aspnet-request-url'. Is NLog.Web not included?
   at NLog.Config.Factory`2.CreateInstance(String itemName)
   at NLog.Layouts.LayoutParser.GetLayoutRenderer(ConfigurationItemFactory configurationItemFactory, String name, Nullable`1 throwConfigExceptions)
2020-12-09 15:00:34.4778 Error Error parsing layout aspnet-mvc-action will be ignored. Exception: System.ArgumentException: LayoutRenderer cannot be found: 'aspnet-mvc-action'. Is NLog.Web not included?
   at NLog.Config.Factory`2.CreateInstance(String itemName)
   at NLog.Layouts.LayoutParser.GetLayoutRenderer(ConfigurationItemFactory configurationItemFactory, String name, Nullable`1 throwConfigExceptions)
2020-12-09 15:00:34.4778 Info Adding target FileTarget(Name=error)
2020-12-09 15:00:34.4778 Error Error parsing layout aspnet-TraceIdentifier will be ignored. Exception: System.ArgumentException: LayoutRenderer cannot be found: 'aspnet-TraceIdentifier'. Is NLog.Web not included?
   at NLog.Config.Factory`2.CreateInstance(String itemName)
   at NLog.Layouts.LayoutParser.GetLayoutRenderer(ConfigurationItemFactory configurationItemFactory, String name, Nullable`1 throwConfigExceptions)
2020-12-09 15:00:34.4778 Error Error parsing layout aspnet-SessionId will be ignored. Exception: System.ArgumentException: LayoutRenderer cannot be found: 'aspnet-SessionId'. Is NLog.Web not included?
   at NLog.Config.Factory`2.CreateInstance(String itemName)
   at NLog.Layouts.LayoutParser.GetLayoutRenderer(ConfigurationItemFactory configurationItemFactory, String name, Nullable`1 throwConfigExceptions)
2020-12-09 15:00:34.4778 Error Error parsing layout aspnet-user-identity will be ignored. Exception: System.ArgumentException: LayoutRenderer cannot be found: 'aspnet-user-identity'. Is NLog.Web not included?
   at NLog.Config.Factory`2.CreateInstance(String itemName)
   at NLog.Layouts.LayoutParser.GetLayoutRenderer(ConfigurationItemFactory configurationItemFactory, String name, Nullable`1 throwConfigExceptions)
2020-12-09 15:00:34.4778 Error Error parsing layout aspnet-request-url will be ignored. Exception: System.ArgumentException: LayoutRenderer cannot be found: 'aspnet-request-url'. Is NLog.Web not included?
   at NLog.Config.Factory`2.CreateInstance(String itemName)
   at NLog.Layouts.LayoutParser.GetLayoutRenderer(ConfigurationItemFactory configurationItemFactory, String name, Nullable`1 throwConfigExceptions)
2020-12-09 15:00:34.4778 Error Error parsing layout aspnet-mvc-action will be ignored. Exception: System.ArgumentException: LayoutRenderer cannot be found: 'aspnet-mvc-action'. Is NLog.Web not included?
   at NLog.Config.Factory`2.CreateInstance(String itemName)
   at NLog.Layouts.LayoutParser.GetLayoutRenderer(ConfigurationItemFactory configurationItemFactory, String name, Nullable`1 throwConfigExceptions)
2020-12-09 15:00:34.4778 Info Adding target FileTarget(Name=web)
2020-12-09 15:00:34.5003 Error Error parsing layout aspnet-Request-IP will be ignored. Exception: System.ArgumentException: LayoutRenderer cannot be found: 'aspnet-Request-IP'. Is NLog.Web not included?
   at NLog.Config.Factory`2.CreateInstance(String itemName)
   at NLog.Layouts.LayoutParser.GetLayoutRenderer(ConfigurationItemFactory configurationItemFactory, String name, Nullable`1 throwConfigExceptions)
2020-12-09 15:00:34.5003 Error Error parsing layout aspnet-SessionId will be ignored. Exception: System.ArgumentException: LayoutRenderer cannot be found: 'aspnet-SessionId'. Is NLog.Web not included?
   at NLog.Config.Factory`2.CreateInstance(String itemName)
   at NLog.Layouts.LayoutParser.GetLayoutRenderer(ConfigurationItemFactory configurationItemFactory, String name, Nullable`1 throwConfigExceptions)
2020-12-09 15:00:34.5003 Error Error parsing layout aspnet-TraceIdentifier will be ignored. Exception: System.ArgumentException: LayoutRenderer cannot be found: 'aspnet-TraceIdentifier'. Is NLog.Web not included?
   at NLog.Config.Factory`2.CreateInstance(String itemName)
   at NLog.Layouts.LayoutParser.GetLayoutRenderer(ConfigurationItemFactory configurationItemFactory, String name, Nullable`1 throwConfigExceptions)
2020-12-09 15:00:34.5003 Error Error parsing layout aspnet-user-identity will be ignored. Exception: System.ArgumentException: LayoutRenderer cannot be found: 'aspnet-user-identity'. Is NLog.Web not included?
   at NLog.Config.Factory`2.CreateInstance(String itemName)
   at NLog.Layouts.LayoutParser.GetLayoutRenderer(ConfigurationItemFactory configurationItemFactory, String name, Nullable`1 throwConfigExceptions)
2020-12-09 15:00:34.5003 Info Adding target DatabaseTarget(Name=database)
2020-12-09 15:00:34.5003 Error Error parsing layout aspnet-Request-IP will be ignored. Exception: System.ArgumentException: LayoutRenderer cannot be found: 'aspnet-Request-IP'. Is NLog.Web not included?
   at NLog.Config.Factory`2.CreateInstance(String itemName)
   at NLog.Layouts.LayoutParser.GetLayoutRenderer(ConfigurationItemFactory configurationItemFactory, String name, Nullable`1 throwConfigExceptions)
2020-12-09 15:00:34.5003 Info Adding target DatabaseTarget(Name=authentication)
2020-12-09 15:00:34.5092 Info Validating config: Targets=6, ConfigItems=195, FilePath=C:\Projects\Home\TwicDownloaderCore\publish\win-x64\NLog.config
2020-12-09 15:00:34.5092 Warn Unused target detected. Add a rule for this target to the configuration. TargetName: allfile
2020-12-09 15:00:34.5092 Error DatabaseTarget(Name=authentication): Failed to create ConnectionType from DBProvider=sqlserver Exception: System.IO.FileNotFoundException: 
File name: 'System.Data.SqlClient, Culture=neutral, PublicKeyToken=null'
   at System.Reflection.RuntimeAssembly.InternalLoad(ObjectHandleOnStack assemblyName, ObjectHandleOnStack requestingAssembly, StackCrawlMarkHandle stackMark, Boolean throwOnFileNotFound, ObjectHandleOnStack assemblyLoadContext, ObjectHandleOnStack retAssembly)
   at System.Reflection.RuntimeAssembly.InternalLoad(AssemblyName assemblyName, RuntimeAssembly requestingAssembly, StackCrawlMark& stackMark, Boolean throwOnFileNotFound, AssemblyLoadContext assemblyLoadContext)
   at System.Reflection.Assembly.Load(AssemblyName assemblyRef)
   at NLog.Targets.DatabaseTarget.SetConnectionType()
   at NLog.Targets.DatabaseTarget.InitializeTarget()
2020-12-09 15:00:34.5092 Error Database Target[authentication]: Error initializing target Exception: System.IO.FileNotFoundException: 
File name: 'System.Data.SqlClient, Culture=neutral, PublicKeyToken=null'
   at System.Reflection.RuntimeAssembly.InternalLoad(ObjectHandleOnStack assemblyName, ObjectHandleOnStack requestingAssembly, StackCrawlMarkHandle stackMark, Boolean throwOnFileNotFound, ObjectHandleOnStack assemblyLoadContext, ObjectHandleOnStack retAssembly)
   at System.Reflection.RuntimeAssembly.InternalLoad(AssemblyName assemblyName, RuntimeAssembly requestingAssembly, StackCrawlMark& stackMark, Boolean throwOnFileNotFound, AssemblyLoadContext assemblyLoadContext)
   at System.Reflection.Assembly.Load(AssemblyName assemblyRef)
   at NLog.Targets.DatabaseTarget.SetConnectionType()
   at NLog.Targets.DatabaseTarget.InitializeTarget()
   at NLog.Targets.Target.Initialize(LoggingConfiguration configuration)
2020-12-09 15:00:34.5092 Error DatabaseTarget(Name=database): Failed to create ConnectionType from DBProvider=sqlserver Exception: System.IO.FileNotFoundException: 
File name: 'System.Data.SqlClient, Culture=neutral, PublicKeyToken=null'
   at System.Reflection.RuntimeAssembly.InternalLoad(ObjectHandleOnStack assemblyName, ObjectHandleOnStack requestingAssembly, StackCrawlMarkHandle stackMark, Boolean throwOnFileNotFound, ObjectHandleOnStack assemblyLoadContext, ObjectHandleOnStack retAssembly)
   at System.Reflection.RuntimeAssembly.InternalLoad(AssemblyName assemblyName, RuntimeAssembly requestingAssembly, StackCrawlMark& stackMark, Boolean throwOnFileNotFound, AssemblyLoadContext assemblyLoadContext)
   at System.Reflection.Assembly.Load(AssemblyName assemblyRef)
   at NLog.Targets.DatabaseTarget.SetConnectionType()
   at NLog.Targets.DatabaseTarget.InitializeTarget()
2020-12-09 15:00:34.5092 Error Database Target[database]: Error initializing target Exception: System.IO.FileNotFoundException: 
File name: 'System.Data.SqlClient, Culture=neutral, PublicKeyToken=null'
   at System.Reflection.RuntimeAssembly.InternalLoad(ObjectHandleOnStack assemblyName, ObjectHandleOnStack requestingAssembly, StackCrawlMarkHandle stackMark, Boolean throwOnFileNotFound, ObjectHandleOnStack assemblyLoadContext, ObjectHandleOnStack retAssembly)
   at System.Reflection.RuntimeAssembly.InternalLoad(AssemblyName assemblyName, RuntimeAssembly requestingAssembly, StackCrawlMark& stackMark, Boolean throwOnFileNotFound, AssemblyLoadContext assemblyLoadContext)
   at System.Reflection.Assembly.Load(AssemblyName assemblyRef)
   at NLog.Targets.DatabaseTarget.SetConnectionType()
   at NLog.Targets.DatabaseTarget.InitializeTarget()
   at NLog.Targets.Target.Initialize(LoggingConfiguration configuration)
2020-12-09 15:00:34.5092 Info Configuration initialized.
2020-12-09 15:00:34.5092 Info NLog, Version=4.0.0.0, Culture=neutral, PublicKeyToken=5120e14c03d0593c. File version: . Product version: . GlobalAssemblyCache: False
2020-12-09 15:00:38.6103 Info AppDomain Shutting down. Logger closing...
2020-12-09 15:00:38.6103 Info Logger has been shut down.
